[22-Nov-2022 17:06:58 UTC] PHP Warning:  Trying to access array offset on value of type bool in /Users/nguyenthienan/Local Sites/germanyz/app/public/wp-content/plugins/woo-razorpay/woo-razorpay.php on line 2450
[22-Nov-2022 17:06:58 UTC] PHP Stack trace:
[22-Nov-2022 17:06:58 UTC] PHP   1. {main}() /Users/nguyenthienan/Local Sites/germanyz/app/public/wp-admin/plugins.php:0
[22-Nov-2022 17:06:58 UTC] PHP   2. activate_plugins($plugins = [3 => 'woo-razorpay/woo-razorpay.php', 7 => 'woocommerce-gateway-paypal-express-checkout/woocommerce-gateway-paypal-express-checkout.php', 8 => 'woocommerce-gateway-stripe/woocommerce-gateway-stripe.php'], $redirect = 'http://germanyz.local/wp-admin/plugins.php?error=true', $network_wide = FALSE, $silent = *uninitialized*) /Users/nguyenthienan/Local Sites/germanyz/app/public/wp-admin/plugins.php:124
[22-Nov-2022 17:06:58 UTC] PHP   3. activate_plugin($plugin = 'woo-razorpay/woo-razorpay.php', $redirect = 'http://germanyz.local/wp-admin/plugins.php?error=true&plugin=woo-razorpay/woo-razorpay.php', $network_wide = FALSE, $silent = FALSE) /Users/nguyenthienan/Local Sites/germanyz/app/public/wp-admin/includes/plugin.php:867
[22-Nov-2022 17:06:58 UTC] PHP   4. do_action($hook_name = 'activated_plugin', ...$arg = variadic('woo-razorpay/woo-razorpay.php', FALSE)) /Users/nguyenthienan/Local Sites/germanyz/app/public/wp-admin/includes/plugin.php:718
[22-Nov-2022 17:06:58 UTC] PHP   5. WP_Hook->do_action($args = [0 => 'woo-razorpay/woo-razorpay.php', 1 => FALSE]) /Users/nguyenthienan/Local Sites/germanyz/app/public/wp-includes/plugin.php:517
[22-Nov-2022 17:06:58 UTC] PHP   6. WP_Hook->apply_filters($value = '', $args = [0 => 'woo-razorpay/woo-razorpay.php', 1 => FALSE]) /Users/nguyenthienan/Local Sites/germanyz/app/public/wp-includes/class-wp-hook.php:332
[22-Nov-2022 17:06:58 UTC] PHP   7. razorpayPluginActivated('woo-razorpay/woo-razorpay.php', FALSE) /Users/nguyenthienan/Local Sites/germanyz/app/public/wp-includes/class-wp-hook.php:308
[22-Nov-2022 17:06:58 UTC] PHP Warning:  Trying to access array offset on value of type bool in /Users/nguyenthienan/Local Sites/germanyz/app/public/wp-content/plugins/woo-razorpay/woo-razorpay.php on line 2450
[22-Nov-2022 17:06:58 UTC] PHP Stack trace:
[22-Nov-2022 17:06:58 UTC] PHP   1. {main}() /Users/nguyenthienan/Local Sites/germanyz/app/public/wp-admin/plugins.php:0
[22-Nov-2022 17:06:58 UTC] PHP   2. activate_plugins($plugins = [3 => 'woo-razorpay/woo-razorpay.php', 7 => 'woocommerce-gateway-paypal-express-checkout/woocommerce-gateway-paypal-express-checkout.php', 8 => 'woocommerce-gateway-stripe/woocommerce-gateway-stripe.php'], $redirect = 'http://germanyz.local/wp-admin/plugins.php?error=true', $network_wide = FALSE, $silent = *uninitialized*) /Users/nguyenthienan/Local Sites/germanyz/app/public/wp-admin/plugins.php:124
[22-Nov-2022 17:06:58 UTC] PHP   3. activate_plugin($plugin = 'woo-razorpay/woo-razorpay.php', $redirect = 'http://germanyz.local/wp-admin/plugins.php?error=true&plugin=woo-razorpay/woo-razorpay.php', $network_wide = FALSE, $silent = FALSE) /Users/nguyenthienan/Local Sites/germanyz/app/public/wp-admin/includes/plugin.php:867
[22-Nov-2022 17:06:58 UTC] PHP   4. do_action($hook_name = 'activated_plugin', ...$arg = variadic('woo-razorpay/woo-razorpay.php', FALSE)) /Users/nguyenthienan/Local Sites/germanyz/app/public/wp-admin/includes/plugin.php:718
[22-Nov-2022 17:06:58 UTC] PHP   5. WP_Hook->do_action($args = [0 => 'woo-razorpay/woo-razorpay.php', 1 => FALSE]) /Users/nguyenthienan/Local Sites/germanyz/app/public/wp-includes/plugin.php:517
[22-Nov-2022 17:06:58 UTC] PHP   6. WP_Hook->apply_filters($value = '', $args = [0 => 'woo-razorpay/woo-razorpay.php', 1 => FALSE]) /Users/nguyenthienan/Local Sites/germanyz/app/public/wp-includes/class-wp-hook.php:332
[22-Nov-2022 17:06:58 UTC] PHP   7. razorpayPluginActivated('woo-razorpay/woo-razorpay.php', FALSE) /Users/nguyenthienan/Local Sites/germanyz/app/public/wp-includes/class-wp-hook.php:308
[22-Nov-2022 17:06:58 UTC] PHP Warning:  Undefined array key "REQUEST_SCHEME" in /Users/nguyenthienan/Local Sites/germanyz/app/public/wp-content/plugins/woo-razorpay/woo-razorpay.php on line 2454
[22-Nov-2022 17:06:58 UTC] PHP Stack trace:
[22-Nov-2022 17:06:58 UTC] PHP   1. {main}() /Users/nguyenthienan/Local Sites/germanyz/app/public/wp-admin/plugins.php:0
[22-Nov-2022 17:06:58 UTC] PHP   2. activate_plugins($plugins = [3 => 'woo-razorpay/woo-razorpay.php', 7 => 'woocommerce-gateway-paypal-express-checkout/woocommerce-gateway-paypal-express-checkout.php', 8 => 'woocommerce-gateway-stripe/woocommerce-gateway-stripe.php'], $redirect = 'http://germanyz.local/wp-admin/plugins.php?error=true', $network_wide = FALSE, $silent = *uninitialized*) /Users/nguyenthienan/Local Sites/germanyz/app/public/wp-admin/plugins.php:124
[22-Nov-2022 17:06:58 UTC] PHP   3. activate_plugin($plugin = 'woo-razorpay/woo-razorpay.php', $redirect = 'http://germanyz.local/wp-admin/plugins.php?error=true&plugin=woo-razorpay/woo-razorpay.php', $network_wide = FALSE, $silent = FALSE) /Users/nguyenthienan/Local Sites/germanyz/app/public/wp-admin/includes/plugin.php:867
[22-Nov-2022 17:06:58 UTC] PHP   4. do_action($hook_name = 'activated_plugin', ...$arg = variadic('woo-razorpay/woo-razorpay.php', FALSE)) /Users/nguyenthienan/Local Sites/germanyz/app/public/wp-admin/includes/plugin.php:718
[22-Nov-2022 17:06:58 UTC] PHP   5. WP_Hook->do_action($args = [0 => 'woo-razorpay/woo-razorpay.php', 1 => FALSE]) /Users/nguyenthienan/Local Sites/germanyz/app/public/wp-includes/plugin.php:517
[22-Nov-2022 17:06:58 UTC] PHP   6. WP_Hook->apply_filters($value = '', $args = [0 => 'woo-razorpay/woo-razorpay.php', 1 => FALSE]) /Users/nguyenthienan/Local Sites/germanyz/app/public/wp-includes/class-wp-hook.php:332
[22-Nov-2022 17:06:58 UTC] PHP   7. razorpayPluginActivated('woo-razorpay/woo-razorpay.php', FALSE) /Users/nguyenthienan/Local Sites/germanyz/app/public/wp-includes/class-wp-hook.php:308
[22-Nov-2022 17:07:00 UTC] The api key provided is invalid
[22-Nov-2022 17:07:01 UTC] PHP Warning:  Trying to access array offset on value of type bool in /Users/nguyenthienan/Local Sites/germanyz/app/public/wp-content/plugins/woo-razorpay/woo-razorpay.php on line 2450
[22-Nov-2022 17:07:01 UTC] PHP Stack trace:
[22-Nov-2022 17:07:01 UTC] PHP   1. {main}() /Users/nguyenthienan/Local Sites/germanyz/app/public/wp-admin/plugins.php:0
[22-Nov-2022 17:07:01 UTC] PHP   2. activate_plugins($plugins = [3 => 'woo-razorpay/woo-razorpay.php', 7 => 'woocommerce-gateway-paypal-express-checkout/woocommerce-gateway-paypal-express-checkout.php', 8 => 'woocommerce-gateway-stripe/woocommerce-gateway-stripe.php'], $redirect = 'http://germanyz.local/wp-admin/plugins.php?error=true', $network_wide = FALSE, $silent = *uninitialized*) /Users/nguyenthienan/Local Sites/germanyz/app/public/wp-admin/plugins.php:124
[22-Nov-2022 17:07:01 UTC] PHP   3. activate_plugin($plugin = 'woocommerce-gateway-paypal-express-checkout/woocommerce-gateway-paypal-express-checkout.php', $redirect = 'http://germanyz.local/wp-admin/plugins.php?error=true&plugin=woocommerce-gateway-paypal-express-checkout/woocommerce-gateway-paypal-express-checkout.php', $network_wide = FALSE, $silent = FALSE) /Users/nguyenthienan/Local Sites/germanyz/app/public/wp-admin/includes/plugin.php:867
[22-Nov-2022 17:07:01 UTC] PHP   4. do_action($hook_name = 'activated_plugin', ...$arg = variadic('woocommerce-gateway-paypal-express-checkout/woocommerce-gateway-paypal-express-checkout.php', FALSE)) /Users/nguyenthienan/Local Sites/germanyz/app/public/wp-admin/includes/plugin.php:718
[22-Nov-2022 17:07:01 UTC] PHP   5. WP_Hook->do_action($args = [0 => 'woocommerce-gateway-paypal-express-checkout/woocommerce-gateway-paypal-express-checkout.php', 1 => FALSE]) /Users/nguyenthienan/Local Sites/germanyz/app/public/wp-includes/plugin.php:517
[22-Nov-2022 17:07:01 UTC] PHP   6. WP_Hook->apply_filters($value = '', $args = [0 => 'woocommerce-gateway-paypal-express-checkout/woocommerce-gateway-paypal-express-checkout.php', 1 => FALSE]) /Users/nguyenthienan/Local Sites/germanyz/app/public/wp-includes/class-wp-hook.php:332
[22-Nov-2022 17:07:01 UTC] PHP   7. razorpayPluginActivated('woocommerce-gateway-paypal-express-checkout/woocommerce-gateway-paypal-express-checkout.php', FALSE) /Users/nguyenthienan/Local Sites/germanyz/app/public/wp-includes/class-wp-hook.php:308
[22-Nov-2022 17:07:01 UTC] PHP Warning:  Trying to access array offset on value of type bool in /Users/nguyenthienan/Local Sites/germanyz/app/public/wp-content/plugins/woo-razorpay/woo-razorpay.php on line 2450
[22-Nov-2022 17:07:01 UTC] PHP Stack trace:
[22-Nov-2022 17:07:01 UTC] PHP   1. {main}() /Users/nguyenthienan/Local Sites/germanyz/app/public/wp-admin/plugins.php:0
[22-Nov-2022 17:07:01 UTC] PHP   2. activate_plugins($plugins = [3 => 'woo-razorpay/woo-razorpay.php', 7 => 'woocommerce-gateway-paypal-express-checkout/woocommerce-gateway-paypal-express-checkout.php', 8 => 'woocommerce-gateway-stripe/woocommerce-gateway-stripe.php'], $redirect = 'http://germanyz.local/wp-admin/plugins.php?error=true', $network_wide = FALSE, $silent = *uninitialized*) /Users/nguyenthienan/Local Sites/germanyz/app/public/wp-admin/plugins.php:124
[22-Nov-2022 17:07:01 UTC] PHP   3. activate_plugin($plugin = 'woocommerce-gateway-paypal-express-checkout/woocommerce-gateway-paypal-express-checkout.php', $redirect = 'http://germanyz.local/wp-admin/plugins.php?error=true&plugin=woocommerce-gateway-paypal-express-checkout/woocommerce-gateway-paypal-express-checkout.php', $network_wide = FALSE, $silent = FALSE) /Users/nguyenthienan/Local Sites/germanyz/app/public/wp-admin/includes/plugin.php:867
[22-Nov-2022 17:07:01 UTC] PHP   4. do_action($hook_name = 'activated_plugin', ...$arg = variadic('woocommerce-gateway-paypal-express-checkout/woocommerce-gateway-paypal-express-checkout.php', FALSE)) /Users/nguyenthienan/Local Sites/germanyz/app/public/wp-admin/includes/plugin.php:718
[22-Nov-2022 17:07:01 UTC] PHP   5. WP_Hook->do_action($args = [0 => 'woocommerce-gateway-paypal-express-checkout/woocommerce-gateway-paypal-express-checkout.php', 1 => FALSE]) /Users/nguyenthienan/Local Sites/germanyz/app/public/wp-includes/plugin.php:517
[22-Nov-2022 17:07:01 UTC] PHP   6. WP_Hook->apply_filters($value = '', $args = [0 => 'woocommerce-gateway-paypal-express-checkout/woocommerce-gateway-paypal-express-checkout.php', 1 => FALSE]) /Users/nguyenthienan/Local Sites/germanyz/app/public/wp-includes/class-wp-hook.php:332
[22-Nov-2022 17:07:01 UTC] PHP   7. razorpayPluginActivated('woocommerce-gateway-paypal-express-checkout/woocommerce-gateway-paypal-express-checkout.php', FALSE) /Users/nguyenthienan/Local Sites/germanyz/app/public/wp-includes/class-wp-hook.php:308
[22-Nov-2022 17:07:01 UTC] PHP Warning:  Undefined array key "REQUEST_SCHEME" in /Users/nguyenthienan/Local Sites/germanyz/app/public/wp-content/plugins/woo-razorpay/woo-razorpay.php on line 2454
[22-Nov-2022 17:07:01 UTC] PHP Stack trace:
[22-Nov-2022 17:07:01 UTC] PHP   1. {main}() /Users/nguyenthienan/Local Sites/germanyz/app/public/wp-admin/plugins.php:0
[22-Nov-2022 17:07:01 UTC] PHP   2. activate_plugins($plugins = [3 => 'woo-razorpay/woo-razorpay.php', 7 => 'woocommerce-gateway-paypal-express-checkout/woocommerce-gateway-paypal-express-checkout.php', 8 => 'woocommerce-gateway-stripe/woocommerce-gateway-stripe.php'], $redirect = 'http://germanyz.local/wp-admin/plugins.php?error=true', $network_wide = FALSE, $silent = *uninitialized*) /Users/nguyenthienan/Local Sites/germanyz/app/public/wp-admin/plugins.php:124
[22-Nov-2022 17:07:01 UTC] PHP   3. activate_plugin($plugin = 'woocommerce-gateway-paypal-express-checkout/woocommerce-gateway-paypal-express-checkout.php', $redirect = 'http://germanyz.local/wp-admin/plugins.php?error=true&plugin=woocommerce-gateway-paypal-express-checkout/woocommerce-gateway-paypal-express-checkout.php', $network_wide = FALSE, $silent = FALSE) /Users/nguyenthienan/Local Sites/germanyz/app/public/wp-admin/includes/plugin.php:867
[22-Nov-2022 17:07:01 UTC] PHP   4. do_action($hook_name = 'activated_plugin', ...$arg = variadic('woocommerce-gateway-paypal-express-checkout/woocommerce-gateway-paypal-express-checkout.php', FALSE)) /Users/nguyenthienan/Local Sites/germanyz/app/public/wp-admin/includes/plugin.php:718
[22-Nov-2022 17:07:01 UTC] PHP   5. WP_Hook->do_action($args = [0 => 'woocommerce-gateway-paypal-express-checkout/woocommerce-gateway-paypal-express-checkout.php', 1 => FALSE]) /Users/nguyenthienan/Local Sites/germanyz/app/public/wp-includes/plugin.php:517
[22-Nov-2022 17:07:01 UTC] PHP   6. WP_Hook->apply_filters($value = '', $args = [0 => 'woocommerce-gateway-paypal-express-checkout/woocommerce-gateway-paypal-express-checkout.php', 1 => FALSE]) /Users/nguyenthienan/Local Sites/germanyz/app/public/wp-includes/class-wp-hook.php:332
[22-Nov-2022 17:07:01 UTC] PHP   7. razorpayPluginActivated('woocommerce-gateway-paypal-express-checkout/woocommerce-gateway-paypal-express-checkout.php', FALSE) /Users/nguyenthienan/Local Sites/germanyz/app/public/wp-includes/class-wp-hook.php:308
[22-Nov-2022 17:07:02 UTC] The api key provided is invalid
[22-Nov-2022 17:07:03 UTC] PHP Warning:  Trying to access array offset on value of type bool in /Users/nguyenthienan/Local Sites/germanyz/app/public/wp-content/plugins/woo-razorpay/woo-razorpay.php on line 2450
[22-Nov-2022 17:07:03 UTC] PHP Stack trace:
[22-Nov-2022 17:07:03 UTC] PHP   1. {main}() /Users/nguyenthienan/Local Sites/germanyz/app/public/wp-admin/plugins.php:0
[22-Nov-2022 17:07:03 UTC] PHP   2. activate_plugins($plugins = [3 => 'woo-razorpay/woo-razorpay.php', 7 => 'woocommerce-gateway-paypal-express-checkout/woocommerce-gateway-paypal-express-checkout.php', 8 => 'woocommerce-gateway-stripe/woocommerce-gateway-stripe.php'], $redirect = 'http://germanyz.local/wp-admin/plugins.php?error=true', $network_wide = FALSE, $silent = *uninitialized*) /Users/nguyenthienan/Local Sites/germanyz/app/public/wp-admin/plugins.php:124
[22-Nov-2022 17:07:03 UTC] PHP   3. activate_plugin($plugin = 'woocommerce-gateway-stripe/woocommerce-gateway-stripe.php', $redirect = 'http://germanyz.local/wp-admin/plugins.php?error=true&plugin=woocommerce-gateway-stripe/woocommerce-gateway-stripe.php', $network_wide = FALSE, $silent = FALSE) /Users/nguyenthienan/Local Sites/germanyz/app/public/wp-admin/includes/plugin.php:867
[22-Nov-2022 17:07:03 UTC] PHP   4. do_action($hook_name = 'activated_plugin', ...$arg = variadic('woocommerce-gateway-stripe/woocommerce-gateway-stripe.php', FALSE)) /Users/nguyenthienan/Local Sites/germanyz/app/public/wp-admin/includes/plugin.php:718
[22-Nov-2022 17:07:03 UTC] PHP   5. WP_Hook->do_action($args = [0 => 'woocommerce-gateway-stripe/woocommerce-gateway-stripe.php', 1 => FALSE]) /Users/nguyenthienan/Local Sites/germanyz/app/public/wp-includes/plugin.php:517
[22-Nov-2022 17:07:03 UTC] PHP   6. WP_Hook->apply_filters($value = '', $args = [0 => 'woocommerce-gateway-stripe/woocommerce-gateway-stripe.php', 1 => FALSE]) /Users/nguyenthienan/Local Sites/germanyz/app/public/wp-includes/class-wp-hook.php:332
[22-Nov-2022 17:07:03 UTC] PHP   7. razorpayPluginActivated('woocommerce-gateway-stripe/woocommerce-gateway-stripe.php', FALSE) /Users/nguyenthienan/Local Sites/germanyz/app/public/wp-includes/class-wp-hook.php:308
[22-Nov-2022 17:07:03 UTC] PHP Warning:  Trying to access array offset on value of type bool in /Users/nguyenthienan/Local Sites/germanyz/app/public/wp-content/plugins/woo-razorpay/woo-razorpay.php on line 2450
[22-Nov-2022 17:07:03 UTC] PHP Stack trace:
[22-Nov-2022 17:07:03 UTC] PHP   1. {main}() /Users/nguyenthienan/Local Sites/germanyz/app/public/wp-admin/plugins.php:0
[22-Nov-2022 17:07:03 UTC] PHP   2. activate_plugins($plugins = [3 => 'woo-razorpay/woo-razorpay.php', 7 => 'woocommerce-gateway-paypal-express-checkout/woocommerce-gateway-paypal-express-checkout.php', 8 => 'woocommerce-gateway-stripe/woocommerce-gateway-stripe.php'], $redirect = 'http://germanyz.local/wp-admin/plugins.php?error=true', $network_wide = FALSE, $silent = *uninitialized*) /Users/nguyenthienan/Local Sites/germanyz/app/public/wp-admin/plugins.php:124
[22-Nov-2022 17:07:03 UTC] PHP   3. activate_plugin($plugin = 'woocommerce-gateway-stripe/woocommerce-gateway-stripe.php', $redirect = 'http://germanyz.local/wp-admin/plugins.php?error=true&plugin=woocommerce-gateway-stripe/woocommerce-gateway-stripe.php', $network_wide = FALSE, $silent = FALSE) /Users/nguyenthienan/Local Sites/germanyz/app/public/wp-admin/includes/plugin.php:867
[22-Nov-2022 17:07:03 UTC] PHP   4. do_action($hook_name = 'activated_plugin', ...$arg = variadic('woocommerce-gateway-stripe/woocommerce-gateway-stripe.php', FALSE)) /Users/nguyenthienan/Local Sites/germanyz/app/public/wp-admin/includes/plugin.php:718
[22-Nov-2022 17:07:03 UTC] PHP   5. WP_Hook->do_action($args = [0 => 'woocommerce-gateway-stripe/woocommerce-gateway-stripe.php', 1 => FALSE]) /Users/nguyenthienan/Local Sites/germanyz/app/public/wp-includes/plugin.php:517
[22-Nov-2022 17:07:03 UTC] PHP   6. WP_Hook->apply_filters($value = '', $args = [0 => 'woocommerce-gateway-stripe/woocommerce-gateway-stripe.php', 1 => FALSE]) /Users/nguyenthienan/Local Sites/germanyz/app/public/wp-includes/class-wp-hook.php:332
[22-Nov-2022 17:07:03 UTC] PHP   7. razorpayPluginActivated('woocommerce-gateway-stripe/woocommerce-gateway-stripe.php', FALSE) /Users/nguyenthienan/Local Sites/germanyz/app/public/wp-includes/class-wp-hook.php:308
[22-Nov-2022 17:07:03 UTC] PHP Warning:  Undefined array key "REQUEST_SCHEME" in /Users/nguyenthienan/Local Sites/germanyz/app/public/wp-content/plugins/woo-razorpay/woo-razorpay.php on line 2454
[22-Nov-2022 17:07:03 UTC] PHP Stack trace:
[22-Nov-2022 17:07:03 UTC] PHP   1. {main}() /Users/nguyenthienan/Local Sites/germanyz/app/public/wp-admin/plugins.php:0
[22-Nov-2022 17:07:03 UTC] PHP   2. activate_plugins($plugins = [3 => 'woo-razorpay/woo-razorpay.php', 7 => 'woocommerce-gateway-paypal-express-checkout/woocommerce-gateway-paypal-express-checkout.php', 8 => 'woocommerce-gateway-stripe/woocommerce-gateway-stripe.php'], $redirect = 'http://germanyz.local/wp-admin/plugins.php?error=true', $network_wide = FALSE, $silent = *uninitialized*) /Users/nguyenthienan/Local Sites/germanyz/app/public/wp-admin/plugins.php:124
[22-Nov-2022 17:07:03 UTC] PHP   3. activate_plugin($plugin = 'woocommerce-gateway-stripe/woocommerce-gateway-stripe.php', $redirect = 'http://germanyz.local/wp-admin/plugins.php?error=true&plugin=woocommerce-gateway-stripe/woocommerce-gateway-stripe.php', $network_wide = FALSE, $silent = FALSE) /Users/nguyenthienan/Local Sites/germanyz/app/public/wp-admin/includes/plugin.php:867
[22-Nov-2022 17:07:03 UTC] PHP   4. do_action($hook_name = 'activated_plugin', ...$arg = variadic('woocommerce-gateway-stripe/woocommerce-gateway-stripe.php', FALSE)) /Users/nguyenthienan/Local Sites/germanyz/app/public/wp-admin/includes/plugin.php:718
[22-Nov-2022 17:07:03 UTC] PHP   5. WP_Hook->do_action($args = [0 => 'woocommerce-gateway-stripe/woocommerce-gateway-stripe.php', 1 => FALSE]) /Users/nguyenthienan/Local Sites/germanyz/app/public/wp-includes/plugin.php:517
[22-Nov-2022 17:07:03 UTC] PHP   6. WP_Hook->apply_filters($value = '', $args = [0 => 'woocommerce-gateway-stripe/woocommerce-gateway-stripe.php', 1 => FALSE]) /Users/nguyenthienan/Local Sites/germanyz/app/public/wp-includes/class-wp-hook.php:332
[22-Nov-2022 17:07:03 UTC] PHP   7. razorpayPluginActivated('woocommerce-gateway-stripe/woocommerce-gateway-stripe.php', FALSE) /Users/nguyenthienan/Local Sites/germanyz/app/public/wp-includes/class-wp-hook.php:308
[22-Nov-2022 17:07:03 UTC] The api key provided is invalid
