[20-Nov-2022 11:04:02] NOTICE: fpm is running, pid 60725
[20-Nov-2022 11:04:02] NOTICE: ready to handle connections
[20-Nov-2022 11:39:52] NOTICE: Terminating ...
[20-Nov-2022 11:39:52] NOTICE: Terminating ...
[20-Nov-2022 11:39:52] NOTICE: exiting, bye-bye!
[20-Nov-2022 20:14:47] NOTICE: fpm is running, pid 61269
[20-Nov-2022 20:14:48] NOTICE: ready to handle connections
[20-Nov-2022 21:51:09] NOTICE: Terminating ...
[20-Nov-2022 21:51:09] NOTICE: Terminating ...
[20-Nov-2022 21:51:09] NOTICE: exiting, bye-bye!
[21-Nov-2022 22:24:50] NOTICE: fpm is running, pid 63859
[21-Nov-2022 22:24:50] NOTICE: ready to handle connections
[22-Nov-2022 23:35:08] ERROR: Another FPM instance seems to already listen on /Users/nguyenthienan/Library/Application Support/Local/run/NUfw6BrgW/php/php-fpm.socket
[22-Nov-2022 23:35:08] ERROR: FPM initialization failed
[22-Nov-2022 23:35:09] ERROR: Another FPM instance seems to already listen on /Users/nguyenthienan/Library/Application Support/Local/run/NUfw6BrgW/php/php-fpm.socket
[22-Nov-2022 23:35:09] ERROR: FPM initialization failed
[22-Nov-2022 23:35:10] ERROR: Another FPM instance seems to already listen on /Users/nguyenthienan/Library/Application Support/Local/run/NUfw6BrgW/php/php-fpm.socket
[22-Nov-2022 23:35:10] ERROR: FPM initialization failed
[22-Nov-2022 23:35:11] ERROR: Another FPM instance seems to already listen on /Users/nguyenthienan/Library/Application Support/Local/run/NUfw6BrgW/php/php-fpm.socket
[22-Nov-2022 23:35:11] ERROR: FPM initialization failed
[23-Nov-2022 19:38:29] ERROR: Another FPM instance seems to already listen on /Users/nguyenthienan/Library/Application Support/Local/run/NUfw6BrgW/php/php-fpm.socket
[23-Nov-2022 19:38:29] ERROR: FPM initialization failed
[23-Nov-2022 19:38:30] ERROR: Another FPM instance seems to already listen on /Users/nguyenthienan/Library/Application Support/Local/run/NUfw6BrgW/php/php-fpm.socket
[23-Nov-2022 19:38:30] ERROR: FPM initialization failed
[23-Nov-2022 19:38:30] ERROR: Another FPM instance seems to already listen on /Users/nguyenthienan/Library/Application Support/Local/run/NUfw6BrgW/php/php-fpm.socket
[23-Nov-2022 19:38:30] ERROR: FPM initialization failed
[23-Nov-2022 19:38:31] ERROR: Another FPM instance seems to already listen on /Users/nguyenthienan/Library/Application Support/Local/run/NUfw6BrgW/php/php-fpm.socket
[23-Nov-2022 19:38:31] ERROR: FPM initialization failed
[25-Nov-2022 00:20:47] ERROR: Another FPM instance seems to already listen on /Users/nguyenthienan/Library/Application Support/Local/run/NUfw6BrgW/php/php-fpm.socket
[25-Nov-2022 00:20:47] ERROR: FPM initialization failed
[25-Nov-2022 00:20:48] ERROR: Another FPM instance seems to already listen on /Users/nguyenthienan/Library/Application Support/Local/run/NUfw6BrgW/php/php-fpm.socket
[25-Nov-2022 00:20:48] ERROR: FPM initialization failed
[25-Nov-2022 00:20:49] ERROR: Another FPM instance seems to already listen on /Users/nguyenthienan/Library/Application Support/Local/run/NUfw6BrgW/php/php-fpm.socket
[25-Nov-2022 00:20:49] ERROR: FPM initialization failed
[25-Nov-2022 00:20:49] ERROR: Another FPM instance seems to already listen on /Users/nguyenthienan/Library/Application Support/Local/run/NUfw6BrgW/php/php-fpm.socket
[25-Nov-2022 00:20:49] ERROR: FPM initialization failed
[25-Nov-2022 20:09:52] ERROR: Another FPM instance seems to already listen on /Users/nguyenthienan/Library/Application Support/Local/run/NUfw6BrgW/php/php-fpm.socket
[25-Nov-2022 20:09:52] ERROR: FPM initialization failed
[25-Nov-2022 20:09:53] ERROR: Another FPM instance seems to already listen on /Users/nguyenthienan/Library/Application Support/Local/run/NUfw6BrgW/php/php-fpm.socket
[25-Nov-2022 20:09:53] ERROR: FPM initialization failed
[25-Nov-2022 20:09:53] ERROR: Another FPM instance seems to already listen on /Users/nguyenthienan/Library/Application Support/Local/run/NUfw6BrgW/php/php-fpm.socket
[25-Nov-2022 20:09:53] ERROR: FPM initialization failed
[25-Nov-2022 20:09:54] ERROR: Another FPM instance seems to already listen on /Users/nguyenthienan/Library/Application Support/Local/run/NUfw6BrgW/php/php-fpm.socket
[25-Nov-2022 20:09:54] ERROR: FPM initialization failed
